Detecting CXX [-std=c++1y] compiler features failed to compile with the following output:
Change Dir: /home/local1/MINOS_simulation_ryo/CMakeFiles/CMakeTmp

Run Build Command:"/bin/gmake" "cmTC_52918/fast"
/bin/gmake -f CMakeFiles/cmTC_52918.dir/build.make CMakeFiles/cmTC_52918.dir/build
gmake[1]: Entering directory `/home/local1/MINOS_simulation_ryo/CMakeFiles/CMakeTmp'
Building CXX object CMakeFiles/cmTC_52918.dir/feature_tests.cxx.o
/bin/c++    -std=c++1y -o CMakeFiles/cmTC_52918.dir/feature_tests.cxx.o -c /home/local1/MINOS_simulation_ryo/CMakeFiles/feature_tests.cxx
gmake[1]: Leaving directory `/home/local1/MINOS_simulation_ryo/CMakeFiles/CMakeTmp'
as: error while loading shared libraries: libopcodes-2.25.1-22.base.el7.so: cannot open shared object file: No such file or directory
gmake[1]: *** [CMakeFiles/cmTC_52918.dir/feature_tests.cxx.o] Error 1
gmake: *** [cmTC_52918/fast] Error 2



